d:\git_vincent\vos_usb\3th\faac-faac1_28\libfaac\debug\libfaac.pdb
d:\git_vincent\vos_usb\3th\faac-faac1_28\libfaac\debug\libfaac.idb
d:\git_vincent\vos_usb\3th\faac-faac1_28\libfaac\debug\util.obj
d:\git_vincent\vos_usb\3th\faac-faac1_28\libfaac\debug\tns.obj
d:\git_vincent\vos_usb\3th\faac-faac1_28\libfaac\debug\psychkni.obj
d:\git_vincent\vos_usb\3th\faac-faac1_28\libfaac\debug\midside.obj
d:\git_vincent\vos_usb\3th\faac-faac1_28\libfaac\debug\ltp.obj
d:\git_vincent\vos_usb\3th\faac-faac1_28\libfaac\debug\huffman.obj
d:\git_vincent\vos_usb\3th\faac-faac1_28\libfaac\debug\frame.obj
d:\git_vincent\vos_usb\3th\faac-faac1_28\libfaac\debug\filtbank.obj
d:\git_vincent\vos_usb\3th\faac-faac1_28\libfaac\debug\fft.obj
d:\git_vincent\vos_usb\3th\faac-faac1_28\libfaac\debug\channels.obj
d:\git_vincent\vos_usb\3th\faac-faac1_28\libfaac\debug\bitstream.obj
d:\git_vincent\vos_usb\3th\faac-faac1_28\libfaac\debug\backpred.obj
d:\git_vincent\vos_usb\3th\faac-faac1_28\libfaac\debug\aacquant.obj
d:\git_vincent\vos_usb\3th\faac-faac1_28\libfaac\debug\libfaac.lib
d:\git_vincent\vos_usb\3th\faac-faac1_28\libfaac\debug\libfaac.tlog\cl.command.1.tlog
d:\git_vincent\vos_usb\3th\faac-faac1_28\libfaac\debug\libfaac.tlog\cl.read.1.tlog
d:\git_vincent\vos_usb\3th\faac-faac1_28\libfaac\debug\libfaac.tlog\cl.write.1.tlog
d:\git_vincent\vos_usb\3th\faac-faac1_28\libfaac\debug\libfaac.tlog\lib-link.read.1.tlog
d:\git_vincent\vos_usb\3th\faac-faac1_28\libfaac\debug\libfaac.tlog\lib-link.write.1.tlog
d:\git_vincent\vos_usb\3th\faac-faac1_28\libfaac\debug\libfaac.tlog\lib.command.1.tlog
