d:\git_vincent\vos_usb\3th\speex-1.2.0\win32\vs2008\libspeex\debug\libspeex.pdb
d:\git_vincent\vos_usb\3th\speex-1.2.0\win32\vs2008\libspeex\debug\libspeex.idb
d:\git_vincent\vos_usb\3th\speex-1.2.0\win32\vs2008\libspeex\debug\high_lsp_tables.obj
d:\git_vincent\vos_usb\3th\speex-1.2.0\win32\vs2008\libspeex\debug\kiss_fft.obj
d:\git_vincent\vos_usb\3th\speex-1.2.0\win32\vs2008\libspeex\debug\kiss_fftr.obj
d:\git_vincent\vos_usb\3th\speex-1.2.0\win32\vs2008\libspeex\debug\lpc.obj
d:\git_vincent\vos_usb\3th\speex-1.2.0\win32\vs2008\libspeex\debug\lsp.obj
d:\git_vincent\vos_usb\3th\speex-1.2.0\win32\vs2008\libspeex\debug\lsp_tables_nb.obj
d:\git_vincent\vos_usb\3th\speex-1.2.0\win32\vs2008\libspeex\debug\ltp.obj
d:\git_vincent\vos_usb\3th\speex-1.2.0\win32\vs2008\libspeex\debug\modes.obj
d:\git_vincent\vos_usb\3th\speex-1.2.0\win32\vs2008\libspeex\debug\modes_wb.obj
d:\git_vincent\vos_usb\3th\speex-1.2.0\win32\vs2008\libspeex\debug\nb_celp.obj
d:\git_vincent\vos_usb\3th\speex-1.2.0\win32\vs2008\libspeex\debug\quant_lsp.obj
d:\git_vincent\vos_usb\3th\speex-1.2.0\win32\vs2008\libspeex\debug\sb_celp.obj
d:\git_vincent\vos_usb\3th\speex-1.2.0\win32\vs2008\libspeex\debug\smallft.obj
d:\git_vincent\vos_usb\3th\speex-1.2.0\win32\vs2008\libspeex\debug\speex.obj
d:\git_vincent\vos_usb\3th\speex-1.2.0\win32\vs2008\libspeex\debug\speex_callbacks.obj
d:\git_vincent\vos_usb\3th\speex-1.2.0\win32\vs2008\libspeex\debug\speex_header.obj
d:\git_vincent\vos_usb\3th\speex-1.2.0\win32\vs2008\libspeex\debug\stereo.obj
d:\git_vincent\vos_usb\3th\speex-1.2.0\win32\vs2008\libspeex\debug\vbr.obj
d:\git_vincent\vos_usb\3th\speex-1.2.0\win32\vs2008\libspeex\debug\vq.obj
d:\git_vincent\vos_usb\3th\speex-1.2.0\win32\vs2008\libspeex\debug\window.obj
d:\git_vincent\vos_usb\3th\speex-1.2.0\win32\vs2008\libspeex\debug\bits.obj
d:\git_vincent\vos_usb\3th\speex-1.2.0\win32\vs2008\libspeex\debug\cb_search.obj
d:\git_vincent\vos_usb\3th\speex-1.2.0\win32\vs2008\libspeex\debug\exc_10_16_table.obj
d:\git_vincent\vos_usb\3th\speex-1.2.0\win32\vs2008\libspeex\debug\exc_10_32_table.obj
d:\git_vincent\vos_usb\3th\speex-1.2.0\win32\vs2008\libspeex\debug\exc_20_32_table.obj
d:\git_vincent\vos_usb\3th\speex-1.2.0\win32\vs2008\libspeex\debug\exc_5_256_table.obj
d:\git_vincent\vos_usb\3th\speex-1.2.0\win32\vs2008\libspeex\debug\exc_5_64_table.obj
d:\git_vincent\vos_usb\3th\speex-1.2.0\win32\vs2008\libspeex\debug\exc_8_128_table.obj
d:\git_vincent\vos_usb\3th\speex-1.2.0\win32\vs2008\libspeex\debug\filters.obj
d:\git_vincent\vos_usb\3th\speex-1.2.0\win32\vs2008\libspeex\debug\gain_table.obj
d:\git_vincent\vos_usb\3th\speex-1.2.0\win32\vs2008\libspeex\debug\gain_table_lbr.obj
d:\git_vincent\vos_usb\3th\speex-1.2.0\win32\vs2008\libspeex\debug\hexc_10_32_table.obj
d:\git_vincent\vos_usb\3th\speex-1.2.0\win32\vs2008\libspeex\debug\hexc_table.obj
d:\git_vincent\vos_usb\3th\speex-1.2.0\win32\vs2008\debug\libspeex.lib
d:\git_vincent\vos_usb\3th\speex-1.2.0\win32\vs2008\libspeex\debug\libspeex.tlog\cl.command.1.tlog
d:\git_vincent\vos_usb\3th\speex-1.2.0\win32\vs2008\libspeex\debug\libspeex.tlog\cl.read.1.tlog
d:\git_vincent\vos_usb\3th\speex-1.2.0\win32\vs2008\libspeex\debug\libspeex.tlog\cl.write.1.tlog
d:\git_vincent\vos_usb\3th\speex-1.2.0\win32\vs2008\libspeex\debug\libspeex.tlog\lib-link.read.1.tlog
d:\git_vincent\vos_usb\3th\speex-1.2.0\win32\vs2008\libspeex\debug\libspeex.tlog\lib-link.write.1.tlog
d:\git_vincent\vos_usb\3th\speex-1.2.0\win32\vs2008\libspeex\debug\libspeex.tlog\lib.command.1.tlog
